# JRE version: Java(TM) SE Runtime Environment (8.0_171-b11) (build 1.8.0_171-b11)
# Java VM: Java HotSpot(TM) 64-Bit Server VM (25.171-b11 mixed mode linux-amd64 compressed oops)
Heap:
 PSYoungGen      total 514560K, used 6304K [0x00000000d6700000, 0x00000000f6a80000, 0x0000000100000000)
  eden space 503808K, 0% used [0x00000000d6700000,0x00000000d6700000,0x00000000f5300000)
  from space 10752K, 58% used [0x00000000f5300000,0x00000000f59280e0,0x00000000f5d80000)
  to   space 11264K, 0% used [0x00000000f5d80000,0x00000000f5d80000,0x00000000f6880000)
 ParOldGen       total 86528K, used 17865K [0x0000000083400000, 0x0000000088880000, 0x00000000d6700000)
  object space 86528K, 20% used [0x0000000083400000,0x0000000084572518,0x0000000088880000)
 Metaspace       used 47498K, capacity 48112K, committed 48256K, reserved 1089536K
  class space    used 8396K, capacity 8527K, committed 8576K, reserved 1048576K
GC Heap History (10 events):
Event: 64.498 GC heap after
Heap after GC invocations=16 (full 2):
 PSYoungGen      total 395776K, used 6176K [0x00000000d6700000, 0x00000000ef980000, 0x0000000100000000)
  eden space 388608K, 0% used [0x00000000d6700000,0x00000000d6700000,0x00000000ee280000)
  from space 7168K, 86% used [0x00000000ef280000,0x00000000ef888140,0x00000000ef980000)
  to   space 11776K, 0% used [0x00000000ee280000,0x00000000ee280000,0x00000000eee00000)
 ParOldGen       total 86528K, used 17825K [0x0000000083400000, 0x0000000088880000, 0x00000000d6700000)
  object space 86528K, 20% used [0x0000000083400000,0x0000000084568518,0x0000000088880000)
 Metaspace       used 47268K, capacity 47860K, committed 48000K, reserved 1089536K
  class space    used 8379K, capacity 8517K, committed 8576K, reserved 1048576K
}
Event: 72.494 GC heap before
{Heap before GC invocations=17 (full 2):
 PSYoungGen      total 395776K, used 394784K [0x00000000d6700000, 0x00000000ef980000, 0x0000000100000000)
  eden space 388608K, 100% used [0x00000000d6700000,0x00000000ee280000,0x00000000ee280000)
  from space 7168K, 86% used [0x00000000ef280000,0x00000000ef888140,0x00000000ef980000)
  to   space 11776K, 0% used [0x00000000ee280000,0x00000000ee280000,0x00000000eee00000)
 ParOldGen       total 86528K, used 17825K [0x0000000083400000, 0x0000000088880000, 0x00000000d6700000)
  object space 86528K, 20% used [0x0000000083400000,0x0000000084568518,0x0000000088880000)
 Metaspace       used 47334K, capacity 47890K, committed 48000K, reserved 1089536K
  class space    used 8382K, capacity 8522K, committed 8576K, reserved 1048576K
Event: 72.859 GC heap after
Heap after GC invocations=17 (full 2):
 PSYoungGen      total 400384K, used 6256K [0x00000000d6700000, 0x00000000f4b00000, 0x0000000100000000)
  eden space 388608K, 0% used [0x00000000d6700000,0x00000000d6700000,0x00000000ee280000)
  from space 11776K, 53% used [0x00000000ee280000,0x00000000ee89c110,0x00000000eee00000)
  to   space 11776K, 0% used [0x00000000f3f80000,0x00000000f3f80000,0x00000000f4b00000)
 ParOldGen       total 86528K, used 17833K [0x0000000083400000, 0x0000000088880000, 0x00000000d6700000)
  object space 86528K, 20% used [0x0000000083400000,0x000000008456a518,0x0000000088880000)
 Metaspace       used 47334K, capacity 47890K, committed 48000K, reserved 1089536K
  class space    used 8382K, capacity 8522K, committed 8576K, reserved 1048576K
}
Event: 81.114 GC heap before
{Heap before GC invocations=18 (full 2):
 PSYoungGen      total 400384K, used 394864K [0x00000000d6700000, 0x00000000f4b00000, 0x0000000100000000)
  eden space 388608K, 100% used [0x00000000d6700000,0x00000000ee280000,0x00000000ee280000)
  from space 11776K, 53% used [0x00000000ee280000,0x00000000ee89c110,0x00000000eee00000)
  to   space 11776K, 0% used [0x00000000f3f80000,0x00000000f3f80000,0x00000000f4b00000)
 ParOldGen       total 86528K, used 17833K [0x0000000083400000, 0x0000000088880000, 0x00000000d6700000)
  object space 86528K, 20% used [0x0000000083400000,0x000000008456a518,0x0000000088880000)
 Metaspace       used 47404K, capacity 47966K, committed 48256K, reserved 1089536K
  class space    used 8395K, capacity 8524K, committed 8576K, reserved 1048576K
Event: 81.122 GC heap after
Heap after GC invocations=18 (full 2):
 PSYoungGen      total 464896K, used 6240K [0x00000000d6700000, 0x00000000f4600000, 0x0000000100000000)
  eden space 458240K, 0% used [0x00000000d6700000,0x00000000d6700000,0x00000000f2680000)
  from space 6656K, 93% used [0x00000000f3f80000,0x00000000f4598100,0x00000000f4600000)
  to   space 11264K, 0% used [0x00000000f3000000,0x00000000f3000000,0x00000000f3b00000)
 ParOldGen       total 86528K, used 17841K [0x0000000083400000, 0x0000000088880000, 0x00000000d6700000)
  object space 86528K, 20% used [0x0000000083400000,0x000000008456c518,0x0000000088880000)
 Metaspace       used 47404K, capacity 47966K, committed 48256K, reserved 1089536K
  class space    used 8395K, capacity 8524K, committed 8576K, reserved 1048576K
}
Event: 90.489 GC heap before
{Heap before GC invocations=19 (full 2):
 PSYoungGen      total 464896K, used 464480K [0x00000000d6700000, 0x00000000f4600000, 0x0000000100000000)
  eden space 458240K, 100% used [0x00000000d6700000,0x00000000f2680000,0x00000000f2680000)
  from space 6656K, 93% used [0x00000000f3f80000,0x00000000f4598100,0x00000000f4600000)
  to   space 11264K, 0% used [0x00000000f3000000,0x00000000f3000000,0x00000000f3b00000)
 ParOldGen       total 86528K, used 17841K [0x0000000083400000, 0x0000000088880000, 0x00000000d6700000)
  object space 86528K, 20% used [0x0000000083400000,0x000000008456c518,0x0000000088880000)
 Metaspace       used 47437K, capacity 47972K, committed 48256K, reserved 1089536K
  class space    used 8395K, capacity 8525K, committed 8576K, reserved 1048576K
Event: 90.496 GC heap after
Heap after GC invocations=19 (full 2):
 PSYoungGen      total 479232K, used 6208K [0x00000000d6700000, 0x00000000f6880000, 0x0000000100000000)
  eden space 467968K, 0% used [0x00000000d6700000,0x00000000d6700000,0x00000000f3000000)
  from space 11264K, 55% used [0x00000000f3000000,0x00000000f3610100,0x00000000f3b00000)
  to   space 11264K, 0% used [0x00000000f5d80000,0x00000000f5d80000,0x00000000f6880000)
 ParOldGen       total 86528K, used 17849K [0x0000000083400000, 0x0000000088880000, 0x00000000d6700000)
  object space 86528K, 20% used [0x0000000083400000,0x000000008456e518,0x0000000088880000)
 Metaspace       used 47437K, capacity 47972K, committed 48256K, reserved 1089536K
  class space    used 8395K, capacity 8525K, committed 8576K, reserved 1048576K
}
Event: 100.159 GC heap before
{Heap before GC invocations=20 (full 2):
 PSYoungGen      total 479232K, used 474176K [0x00000000d6700000, 0x00000000f6880000, 0x0000000100000000)
  eden space 467968K, 100% used [0x00000000d6700000,0x00000000f3000000,0x00000000f3000000)
  from space 11264K, 55% used [0x00000000f3000000,0x00000000f3610100,0x00000000f3b00000)
  to   space 11264K, 0% used [0x00000000f5d80000,0x00000000f5d80000,0x00000000f6880000)
 ParOldGen       total 86528K, used 17849K [0x0000000083400000, 0x0000000088880000, 0x00000000d6700000)
  object space 86528K, 20% used [0x0000000083400000,0x000000008456e518,0x0000000088880000)
 Metaspace       used 47473K, capacity 48112K, committed 48256K, reserved 1089536K
  class space    used 8396K, capacity 8527K, committed 8576K, reserved 1048576K
Event: 100.174 GC heap after
Heap after GC invocations=20 (full 2):
 PSYoungGen      total 515072K, used 6272K [0x00000000d6700000, 0x00000000f6a80000, 0x0000000100000000)
  eden space 503808K, 0% used [0x00000000d6700000,0x00000000d6700000,0x00000000f5300000)
  from space 11264K, 55% used [0x00000000f5d80000,0x00000000f63a0120,0x00000000f6880000)
  to   space 10752K, 0% used [0x00000000f5300000,0x00000000f5300000,0x00000000f5d80000)
 ParOldGen       total 86528K, used 17857K [0x0000000083400000, 0x0000000088880000, 0x00000000d6700000)
  object space 86528K, 20% used [0x0000000083400000,0x0000000084570518,0x0000000088880000)
 Metaspace       used 47473K, capacity 48112K, committed 48256K, reserved 1089536K
  class space    used 8396K, capacity 8527K, committed 8576K, reserved 1048576K
}
Event: 115.840 GC heap before
{Heap before GC invocations=21 (full 2):
 PSYoungGen      total 515072K, used 510080K [0x00000000d6700000, 0x00000000f6a80000, 0x0000000100000000)
  eden space 503808K, 100% used [0x00000000d6700000,0x00000000f5300000,0x00000000f5300000)
  from space 11264K, 55% used [0x00000000f5d80000,0x00000000f63a0120,0x00000000f6880000)
  to   space 10752K, 0% used [0x00000000f5300000,0x00000000f5300000,0x00000000f5d80000)
 ParOldGen       total 86528K, used 17857K [0x0000000083400000, 0x0000000088880000, 0x00000000d6700000)
  object space 86528K, 20% used [0x0000000083400000,0x0000000084570518,0x0000000088880000)
 Metaspace       used 47498K, capacity 48112K, committed 48256K, reserved 1089536K
  class space    used 8396K, capacity 8527K, committed 8576K, reserved 1048576K

